<?xml version="1.0" encoding="UTF-8"?>
<testsuites>
  <testsuite name="fastlane.lanes">
    
    
    
      
      <testcase classname="fastlane.lanes" name="0: default_platform" time="0.000321">
        
      </testcase>
    
      
      <testcase classname="fastlane.lanes" name="1: test" time="14.871242">
        
          <failure message="/Users/alex/.rvm/gems/ruby-3.2.2/gems/fastlane-2.228.0/fastlane/lib/fastlane/actions/actions_helper.rb:67:in `execute_action&apos;&#10;/Users/alex/.rvm/gems/ruby-3.2.2/gems/fastlane-2.228.0/fastlane/lib/fastlane/runner.rb:255:in `block in execute_action&apos;&#10;/Users/alex/.rvm/gems/ruby-3.2.2/gems/fastlane-2.228.0/fastlane/lib/fastlane/runner.rb:229:in `chdir&apos;&#10;/Users/alex/.rvm/gems/ruby-3.2.2/gems/fastlane-2.228.0/fastlane/lib/fastlane/runner.rb:229:in `execute_action&apos;&#10;/Users/alex/.rvm/gems/ruby-3.2.2/gems/fastlane-2.228.0/fastlane/lib/fastlane/runner.rb:157:in `trigger_action_by_name&apos;&#10;/Users/alex/.rvm/gems/ruby-3.2.2/gems/fastlane-2.228.0/fastlane/lib/fastlane/fast_file.rb:159:in `method_missing&apos;&#10;Fastfile:21:in `block (2 levels) in parsing_binding&apos;&#10;/Users/alex/.rvm/gems/ruby-3.2.2/gems/fastlane-2.228.0/fastlane/lib/fastlane/lane.rb:41:in `call&apos;&#10;/Users/alex/.rvm/gems/ruby-3.2.2/gems/fastlane-2.228.0/fastlane/lib/fastlane/runner.rb:49:in `block in execute&apos;&#10;/Users/alex/.rvm/gems/ruby-3.2.2/gems/fastlane-2.228.0/fastlane/lib/fastlane/runner.rb:45:in `chdir&apos;&#10;/Users/alex/.rvm/gems/ruby-3.2.2/gems/fastlane-2.228.0/fastlane/lib/fastlane/runner.rb:45:in `execute&apos;&#10;/Users/alex/.rvm/gems/ruby-3.2.2/gems/fastlane-2.228.0/fastlane/lib/fastlane/lane_manager.rb:46:in `cruise_lane&apos;&#10;/Users/alex/.rvm/gems/ruby-3.2.2/gems/fastlane-2.228.0/fastlane/lib/fastlane/command_line_handler.rb:34:in `handle&apos;&#10;/Users/alex/.rvm/gems/ruby-3.2.2/gems/fastlane-2.228.0/fastlane/lib/fastlane/commands_generator.rb:110:in `block (2 levels) in run&apos;&#10;/Users/alex/.rvm/gems/ruby-3.2.2/gems/commander-4.6.0/lib/commander/command.rb:187:in `call&apos;&#10;/Users/alex/.rvm/gems/ruby-3.2.2/gems/commander-4.6.0/lib/commander/command.rb:157:in `run&apos;&#10;/Users/alex/.rvm/gems/ruby-3.2.2/gems/commander-4.6.0/lib/commander/runner.rb:444:in `run_active_command&apos;&#10;/Users/alex/.rvm/gems/ruby-3.2.2/gems/fastlane-2.228.0/fastlane_core/lib/fastlane_core/ui/fastlane_runner.rb:124:in `run!&apos;&#10;/Users/alex/.rvm/gems/ruby-3.2.2/gems/commander-4.6.0/lib/commander/delegates.rb:18:in `run!&apos;&#10;/Users/alex/.rvm/gems/ruby-3.2.2/gems/fastlane-2.228.0/fastlane/lib/fastlane/commands_generator.rb:363:in `run&apos;&#10;/Users/alex/.rvm/gems/ruby-3.2.2/gems/fastlane-2.228.0/fastlane/lib/fastlane/commands_generator.rb:43:in `start&apos;&#10;/Users/alex/.rvm/gems/ruby-3.2.2/gems/fastlane-2.228.0/fastlane/lib/fastlane/cli_tools_distributor.rb:123:in `take_off&apos;&#10;/Users/alex/.rvm/gems/ruby-3.2.2/gems/fastlane-2.228.0/bin/fastlane:23:in `&lt;top (required)&gt;&apos;&#10;/Users/alex/.rvm/gems/ruby-3.2.2/bin/fastlane:25:in `load&apos;&#10;/Users/alex/.rvm/gems/ruby-3.2.2/bin/fastlane:25:in `&lt;main&gt;&apos;&#10;/Users/alex/.rvm/gems/ruby-3.2.2/bin/ruby_executable_hooks:22:in `eval&apos;&#10;/Users/alex/.rvm/gems/ruby-3.2.2/bin/ruby_executable_hooks:22:in `&lt;main&gt;&apos;&#10;&#10;Exit status of command &apos;/Users/alex/dev/mobile/android/PokerTracker/gradlew test -p .&apos; was 1 instead of 0.&#10;&#10;Welcome to Gradle 8.14.2!&#10;&#10;Here are the highlights of this release:&#10; - Java 24 support&#10; - GraalVM Native Image toolchain selection&#10; - Enhancements to test reporting&#10; - Build Authoring improvements&#10;&#10;For more details see https://docs.gradle.org/8.14.2/release-notes.html&#10;&#10;&gt; Task :app:checkKotlinGradlePluginConfigurationErrors SKIPPED&#10;&gt; Task :app:preBuild UP-TO-DATE&#10;&gt; Task :app:preDebugBuild UP-TO-DATE&#10;&gt; Task :app:generateDebugResValues&#10;&gt; Task :app:checkDebugAarMetadata&#10;&gt; Task :app:mapDebugSourceSetPaths&#10;&gt; Task :app:generateDebugResources&#10;&#10;&gt; Task :app:generateDebugPokerTrackerDatabaseInterface&#10;WARN: Attempt to load key &apos;ide.hide.excluded.files&apos; for not yet loaded registry&#10;WARN: Attempt to load key &apos;psi.sleep.in.validity.check&apos; for not yet loaded registry&#10;WARN: Attempt to load key &apos;psi.incremental.reparse.depth.limit&apos; for not yet loaded registry&#10;&#10;&gt; Task :app:packageDebugResources&#10;&gt; Task :app:createDebugCompatibleScreenManifests&#10;&gt; Task :app:extractDeepLinksDebug&#10;&gt; Task :app:parseDebugLocalResources&#10;&gt; Task :app:mergeDebugResources&#10;&gt; Task :app:processDebugMainManifest&#10;&gt; Task :app:processDebugManifest&#10;&gt; Task :app:preDebugUnitTestBuild UP-TO-DATE&#10;&gt; Task :app:processDebugManifestForPackage&#10;&gt; Task :app:javaPreCompileDebug&#10;&gt; Task :app:javaPreCompileDebugUnitTest&#10;&gt; Task :app:buildKotlinToolingMetadata&#10;&gt; Task :app:preReleaseBuild UP-TO-DATE&#10;&gt; Task :app:generateReleaseResValues&#10;&gt; Task :app:checkReleaseAarMetadata&#10;&gt; Task :app:mapReleaseSourceSetPaths&#10;&gt; Task :app:generateReleaseResources&#10;&gt; Task :app:generateReleasePokerTrackerDatabaseInterface&#10;&gt; Task :app:processDebugResources&#10;&gt; Task :app:mergeReleaseResources&#10;&gt; Task :app:packageReleaseResources&#10;&gt; Task :app:createReleaseCompatibleScreenManifests&#10;&gt; Task :app:extractDeepLinksRelease&#10;&gt; Task :app:parseReleaseLocalResources&#10;&gt; Task :app:processReleaseMainManifest&#10;&gt; Task :app:processReleaseManifest&#10;&gt; Task :app:preReleaseUnitTestBuild UP-TO-DATE&#10;&gt; Task :app:javaPreCompileRelease&#10;&gt; Task :app:javaPreCompileReleaseUnitTest&#10;&gt; Task :app:processReleaseManifestForPackage&#10;&gt; Task :app:processReleaseResources&#10;&gt; Task :app:compileReleaseKotlin&#10;&gt; Task :app:compileDebugKotlin&#10;&gt; Task :app:compileDebugJavaWithJavac NO-SOURCE&#10;&gt; Task :app:processDebugJavaRes&#10;&gt; Task :app:compileReleaseJavaWithJavac NO-SOURCE&#10;&gt; Task :app:processReleaseJavaRes&#10;&gt; Task :app:bundleDebugClassesToRuntimeJar&#10;&gt; Task :app:bundleDebugClassesToCompileJar&#10;&gt; Task :app:bundleReleaseClassesToCompileJar&#10;&gt; Task :app:bundleReleaseClassesToRuntimeJar&#10;&#10;&gt; Task :app:compileDebugUnitTestKotlin FAILED&#10;e: file:///Users/alex/dev/mobile/android/PokerTracker/app/src/test/java/com/github/saikcaskey/pokertracker/ExampleUnitTest.kt:3:12 Unresolved reference &apos;junit&apos;.&#10;e: file:///Users/alex/dev/mobile/android/PokerTracker/app/src/test/java/com/github/saikcaskey/pokertracker/ExampleUnitTest.kt:5:12 Unresolved reference &apos;junit&apos;.&#10;e: file:///Users/alex/dev/mobile/android/PokerTracker/app/src/test/java/com/github/saikcaskey/pokertracker/ExampleUnitTest.kt:13:6 Unresolved reference &apos;Test&apos;.&#10;e: file:///Users/alex/dev/mobile/android/PokerTracker/app/src/test/java/com/github/saikcaskey/pokertracker/ExampleUnitTest.kt:15:9 Unresolved reference &apos;assertEquals&apos;.&#10;&#10;&gt; Task :app:compileReleaseUnitTestKotlin FAILED&#10;e: file:///Users/alex/dev/mobile/android/PokerTracker/app/src/test/java/com/github/saikcaskey/pokertracker/ExampleUnitTest.kt:3:12 Unresolved reference &apos;junit&apos;.&#10;e: file:///Users/alex/dev/mobile/android/PokerTracker/app/src/test/java/com/github/saikcaskey/pokertracker/ExampleUnitTest.kt:5:12 Unresolved reference &apos;junit&apos;.&#10;e: file:///Users/alex/dev/mobile/android/PokerTracker/app/src/test/java/com/github/saikcaskey/pokertracker/ExampleUnitTest.kt:13:6 Unresolved reference &apos;Test&apos;.&#10;e: file:///Users/alex/dev/mobile/android/PokerTracker/app/src/test/java/com/github/saikcaskey/pokertracker/ExampleUnitTest.kt:15:9 Unresolved reference &apos;assertEquals&apos;.&#10;&#10;FAILURE: Build completed with 2 failures.&#10;&#10;1: Task failed with an exception.&#10;-----------&#10;* What went wrong:&#10;Execution failed for task &apos;:app:compileDebugUnitTestKotlin&apos;.&#10;&gt; A failure occurred while executing org.jetbrains.kotlin.compilerRunner.GradleCompilerRunnerWithWorkers$GradleKotlinCompilerWorkAction&#10;   &gt; Compilation error. See log for more details&#10;&#10;* Try:&#10;&gt; Run with --stacktrace option to get the stack trace.&#10;&gt; Run with --info or --debug option to get more log output.&#10;&gt; Run with --scan to get full insights.&#10;&gt; Get more help at https://help.gradle.org.&#10;==============================================================================&#10;&#10;2: Task failed with an exception.&#10;-----------&#10;* What went wrong:&#10;Execution failed for task &apos;:app:compileReleaseUnitTestKotlin&apos;.&#10;&gt; A failure occurred while executing org.jetbrains.kotlin.compilerRunner.GradleCompilerRunnerWithWorkers$GradleKotlinCompilerWorkAction&#10;   &gt; Compilation error. See log for more details&#10;&#10;* Try:&#10;&gt; Run with --stacktrace option to get the stack trace.&#10;&gt; Run with --info or --debug option to get more log output.&#10;&gt; Run with --scan to get full insights.&#10;&gt; Get more help at https://help.gradle.org.&#10;==============================================================================&#10;&#10;BUILD FAILED in 14s&#10;43 actionable tasks: 43 executed&#10;" />
        
      </testcase>
    
  </testsuite>
</testsuites>
